Copyright 1986-2022 Xilinx, Inc. All Rights Reserved.
---------------------------------------------------------------------------------------------------------------------------------------
| Tool Version : Vivado v.2022.1 (win64) Build 3526262 Mon Apr 18 15:48:16 MDT 2022
| Date         : Fri Oct 20 13:06:28 2023
| Host         : hp6g4-step-1 running 64-bit major release  (build 9200)
| Command      : report_drc -file design_1_wrapper_drc_opted.rpt -pb design_1_wrapper_drc_opted.pb -rpx design_1_wrapper_drc_opted.rpx
| Design       : design_1_wrapper
| Device       : xc7z020clg484-1
| Speed File   : -1
| Design State : Synthesized
---------------------------------------------------------------------------------------------------------------------------------------

Report DRC

Table of Contents
-----------------
1. REPORT SUMMARY
2. REPORT DETAILS

1. REPORT SUMMARY
-----------------
            Netlist: netlist
          Floorplan: design_1
      Design limits: <entire design considered>
           Ruledeck: default
             Max violations: <unlimited>
             Violations found: 10
+--------+----------+------------------------+------------+
| Rule   | Severity | Description            | Violations |
+--------+----------+------------------------+------------+
| DPIP-1 | Warning  | Input pipelining       | 8          |
| DPOP-2 | Warning  | MREG Output pipelining | 2          |
+--------+----------+------------------------+------------+

2. REPORT DETAILS
-----------------
DPIP-1#1 Warning
Input pipelining  
DSP design_1_i/qemulator_0/U0/am_addmul_16s_16s_14ns_30_4_1_U17/qemulator_am_addmul_16s_16s_14ns_30_4_1_DSP48_1_U/p_reg_reg input design_1_i/qemulator_0/U0/am_addmul_16s_16s_14ns_30_4_1_U17/qemulator_am_addmul_16s_16s_14ns_30_4_1_DSP48_1_U/p_reg_reg/A[29:0] is not pipelined. Pipelining DSP48 input will improve performance.
Related violations: <none>

DPIP-1#2 Warning
Input pipelining  
DSP design_1_i/qemulator_0/U0/am_addmul_16s_16s_14ns_30_4_1_U19/qemulator_am_addmul_16s_16s_14ns_30_4_1_DSP48_1_U/p_reg_reg input design_1_i/qemulator_0/U0/am_addmul_16s_16s_14ns_30_4_1_U19/qemulator_am_addmul_16s_16s_14ns_30_4_1_DSP48_1_U/p_reg_reg/A[29:0] is not pipelined. Pipelining DSP48 input will improve performance.
Related violations: <none>

DPIP-1#3 Warning
Input pipelining  
DSP design_1_i/qemulator_0/U0/am_addmul_16s_16s_14ns_30_4_1_U21/qemulator_am_addmul_16s_16s_14ns_30_4_1_DSP48_1_U/p_reg_reg input design_1_i/qemulator_0/U0/am_addmul_16s_16s_14ns_30_4_1_U21/qemulator_am_addmul_16s_16s_14ns_30_4_1_DSP48_1_U/p_reg_reg/A[29:0] is not pipelined. Pipelining DSP48 input will improve performance.
Related violations: <none>

DPIP-1#4 Warning
Input pipelining  
DSP design_1_i/qemulator_0/U0/am_addmul_16s_16s_14ns_30_4_1_U23/qemulator_am_addmul_16s_16s_14ns_30_4_1_DSP48_1_U/p_reg_reg input design_1_i/qemulator_0/U0/am_addmul_16s_16s_14ns_30_4_1_U23/qemulator_am_addmul_16s_16s_14ns_30_4_1_DSP48_1_U/p_reg_reg/A[29:0] is not pipelined. Pipelining DSP48 input will improve performance.
Related violations: <none>

DPIP-1#5 Warning
Input pipelining  
DSP design_1_i/qemulator_0/U0/am_submul_16s_16s_14ns_30_4_1_U18/qemulator_am_submul_16s_16s_14ns_30_4_1_DSP48_2_U/p_reg_reg input design_1_i/qemulator_0/U0/am_submul_16s_16s_14ns_30_4_1_U18/qemulator_am_submul_16s_16s_14ns_30_4_1_DSP48_2_U/p_reg_reg/A[29:0] is not pipelined. Pipelining DSP48 input will improve performance.
Related violations: <none>

DPIP-1#6 Warning
Input pipelining  
DSP design_1_i/qemulator_0/U0/am_submul_16s_16s_14ns_30_4_1_U20/qemulator_am_submul_16s_16s_14ns_30_4_1_DSP48_2_U/p_reg_reg input design_1_i/qemulator_0/U0/am_submul_16s_16s_14ns_30_4_1_U20/qemulator_am_submul_16s_16s_14ns_30_4_1_DSP48_2_U/p_reg_reg/A[29:0] is not pipelined. Pipelining DSP48 input will improve performance.
Related violations: <none>

DPIP-1#7 Warning
Input pipelining  
DSP design_1_i/qemulator_0/U0/am_submul_16s_16s_14ns_30_4_1_U22/qemulator_am_submul_16s_16s_14ns_30_4_1_DSP48_2_U/p_reg_reg input design_1_i/qemulator_0/U0/am_submul_16s_16s_14ns_30_4_1_U22/qemulator_am_submul_16s_16s_14ns_30_4_1_DSP48_2_U/p_reg_reg/A[29:0] is not pipelined. Pipelining DSP48 input will improve performance.
Related violations: <none>

DPIP-1#8 Warning
Input pipelining  
DSP design_1_i/qemulator_0/U0/am_submul_16s_16s_14ns_30_4_1_U24/qemulator_am_submul_16s_16s_14ns_30_4_1_DSP48_2_U/p_reg_reg input design_1_i/qemulator_0/U0/am_submul_16s_16s_14ns_30_4_1_U24/qemulator_am_submul_16s_16s_14ns_30_4_1_DSP48_2_U/p_reg_reg/A[29:0] is not pipelined. Pipelining DSP48 input will improve performance.
Related violations: <none>

DPOP-2#1 Warning
MREG Output pipelining  
DSP design_1_i/qemulator_0/U0/mul_mul_16s_16s_30_4_1_U11/qemulator_mul_mul_16s_16s_30_4_1_DSP48_0_U/p_reg_reg multiplier stage design_1_i/qemulator_0/U0/mul_mul_16s_16s_30_4_1_U11/qemulator_mul_mul_16s_16s_30_4_1_DSP48_0_U/p_reg_reg/P[47:0] is not pipelined (MREG=0). Pipelining the multiplier function will improve performance and will save significant power so it is suggested whenever possible to fully pipeline this function.  If this multiplier was inferred, it is suggested to describe an additional register stage after this function.  If there is no registered adder/accumulator following the multiply function, two pipeline stages are suggested to allow both the MREG and PREG registers to be used.  If the DSP48 was instantiated in the design, it is suggested to set both the MREG and PREG attributes to 1 when performing multiply functions.
Related violations: <none>

DPOP-2#2 Warning
MREG Output pipelining  
DSP design_1_i/qemulator_0/U0/mul_mul_16s_16s_30_4_1_U15/qemulator_mul_mul_16s_16s_30_4_1_DSP48_0_U/p_reg_reg multiplier stage design_1_i/qemulator_0/U0/mul_mul_16s_16s_30_4_1_U15/qemulator_mul_mul_16s_16s_30_4_1_DSP48_0_U/p_reg_reg/P[47:0] is not pipelined (MREG=0). Pipelining the multiplier function will improve performance and will save significant power so it is suggested whenever possible to fully pipeline this function.  If this multiplier was inferred, it is suggested to describe an additional register stage after this function.  If there is no registered adder/accumulator following the multiply function, two pipeline stages are suggested to allow both the MREG and PREG registers to be used.  If the DSP48 was instantiated in the design, it is suggested to set both the MREG and PREG attributes to 1 when performing multiply functions.
Related violations: <none>


